<?xml version="1.0" encoding="utf-8" standalone="no"?>
<!--This file represents the results of running a test suite-->
<test-results name="D:\Lanchonete\TestesUnitarios\bin\Debug\TestesUnitarios.dll" total="15" errors="0" failures="0" not-run="0" inconclusive="0" ignored="0" skipped="0" invalid="0" date="2017-12-19" time="22:28:07">
  <environment nunit-version="2.6.2.12296" clr-version="2.0.50727.8825" os-version="Microsoft Windows NT 6.2.9200.0" platform="Win32NT" cwd="C:\Program Files (x86)\NUnit 2.6.2\bin" machine-name="CIT018698" user="luizv" user-domain="CIT" />
  <culture-info current-culture="pt-BR" current-uiculture="pt-BR" />
  <test-suite type="Assembly" name="D:\Lanchonete\TestesUnitarios\bin\Debug\TestesUnitarios.dll" executed="True" result="Success" success="True" time="0.181" asserts="0">
    <results>
      <test-suite type="Namespace" name="TestesUnitarios" executed="True" result="Success" success="True" time="0.165" asserts="0">
        <results>
          <test-suite type="TestFixture" name="CalculoBOTest" executed="True" result="Success" success="True" time="0.163" asserts="0">
            <results>
              <test-case name="TestesUnitarios.CalculoBOTest.PromocaoLight" executed="True" result="Success" success="True" time="0.029" asserts="1" />
              <test-case name="TestesUnitarios.CalculoBOTest.PromocaoMuitaCarne" executed="True" result="Success" success="True" time="0.001" asserts="1" />
              <test-case name="TestesUnitarios.CalculoBOTest.PromocaoMuitoQueijo" executed="True" result="Success" success="True" time="0.000" asserts="1" />
              <test-case name="TestesUnitarios.CalculoBOTest.SemPromocao" executed="True" result="Success" success="True" time="0.001" asserts="1" />
              <test-case name="TestesUnitarios.CalculoBOTest.SomaTodosIngredientes" executed="True" result="Success" success="True" time="0.006" asserts="1" />
              <test-case name="TestesUnitarios.CalculoBOTest.ValorLancheLight" executed="True" result="Success" success="True" time="0.002" asserts="1" />
              <test-case name="TestesUnitarios.CalculoBOTest.ValorLancheLightMuitaCarne" executed="True" result="Success" success="True" time="0.000" asserts="2" />
              <test-case name="TestesUnitarios.CalculoBOTest.ValorLancheLightMuitoQueijo" executed="True" result="Success" success="True" time="0.001" asserts="2" />
              <test-case name="TestesUnitarios.CalculoBOTest.ValorLancheMuitaCarne" executed="True" result="Success" success="True" time="0.000" asserts="2" />
              <test-case name="TestesUnitarios.CalculoBOTest.ValorLancheMuitaCarneMuitoQueijo" executed="True" result="Success" success="True" time="0.001" asserts="2" />
              <test-case name="TestesUnitarios.CalculoBOTest.ValorLancheMuitoQueijo" executed="True" result="Success" success="True" time="0.001" asserts="2" />
              <test-case name="TestesUnitarios.CalculoBOTest.ValorXBacon" executed="True" result="Success" success="True" time="0.000" asserts="1" />
              <test-case name="TestesUnitarios.CalculoBOTest.ValorXBurger" executed="True" result="Success" success="True" time="0.001" asserts="1" />
              <test-case name="TestesUnitarios.CalculoBOTest.ValorXEgg" executed="True" result="Success" success="True" time="0.001" asserts="1" />
              <test-case name="TestesUnitarios.CalculoBOTest.ValorXEggBacon" executed="True" result="Success" success="True" time="0.000" asserts="1" />
            </results>
          </test-suite>
        </results>
      </test-suite>
    </results>
  </test-suite>
</test-results>